<?xml version="1.0" encoding="UTF-8"?>
<testng-results skipped="0" failed="0" ignored="0" total="3" passed="3">
  <reporter-output>
  </reporter-output>
  <suite name="Suite" duration-ms="11845" started-at="2020-09-15T11:07:26Z" finished-at="2020-09-15T11:07:38Z">
    <groups>
    </groups>
    <test name="Test" duration-ms="11845" started-at="2020-09-15T11:07:26Z" finished-at="2020-09-15T11:07:38Z">
      <class name="comJenkinsDemo.DemoTest">
        <test-method status="PASS" signature="setUp()[pri:0, instance:comJenkinsDemo.DemoTest@1b6d4ae]" name="setUp" is-config="true" duration-ms="19601" started-at="2020-09-15T11:07:07Z" finished-at="2020-09-15T11:07:26Z">
          <reporter-output>
          </reporter-output>
        </test-method> <!-- setUp -->
        <test-method status="PASS" signature="test01()[pri:0, instance:comJenkinsDemo.DemoTest@1b6d4ae]" name="test01" duration-ms="11732" started-at="2020-09-15T11:07:27Z" finished-at="2020-09-15T11:07:38Z">
          <reporter-output>
          </reporter-output>
        </test-method> <!-- test01 -->
        <test-method status="PASS" signature="test02()[pri:0, instance:comJenkinsDemo.DemoTest@1b6d4ae]" name="test02" duration-ms="16" started-at="2020-09-15T11:07:38Z" finished-at="2020-09-15T11:07:38Z">
          <reporter-output>
          </reporter-output>
        </test-method> <!-- test02 -->
        <test-method status="PASS" signature="test03()[pri:0, instance:comJenkinsDemo.DemoTest@1b6d4ae]" name="test03" duration-ms="8" started-at="2020-09-15T11:07:38Z" finished-at="2020-09-15T11:07:38Z">
          <reporter-output>
          </reporter-output>
        </test-method> <!-- test03 -->
        <test-method status="PASS" signature="tearDown()[pri:0, instance:comJenkinsDemo.DemoTest@1b6d4ae]" name="tearDown" is-config="true" duration-ms="117" started-at="2020-09-15T11:07:39Z" finished-at="2020-09-15T11:07:39Z">
          <reporter-output>
          </reporter-output>
        </test-method> <!-- tearDown -->
      </class> <!-- comJenkinsDemo.DemoTest -->
    </test> <!-- Test -->
  </suite> <!-- Suite -->
</testng-results>
